[debug] > Exec(early(addDefaultCommands), None, None)
[debug] > Exec(addDefaultCommands, None, None)
[debug] > Exec(early(initialize), None, None)
[debug] > Exec(initialize, None, None)
[debug] > Exec(boot, None, None)
[debug] > Exec(writeSbtVersion, None, None)
[debug] > Exec(reload, None, None)
[debug] > Exec(sbtStashOnFailure, None, None)
[debug] > Exec(onFailure loadFailed, None, None)
[debug] > Exec(loadp, None, None)
[info] welcome to sbt 1.9.7 (Oracle Corporation Java 21.0.1)
[debug]       Load.loadUnit: plugins took 314.6409ms
[debug]       Load.loadUnit: defsScala took 0.3826ms
[debug] [Loading] Scanning directory C:\Users\HP Laptop\.sbt\1.0\plugins
[debug] [Loading] Found non-root projects 
[debug] [Loading] Done in C:\Users\HP Laptop\.sbt\1.0\plugins, returning: ()
[debug] deducing auto plugins based on known facts Set(Atom(sbt.plugins.CorePlugin)) and clauses Clauses(Clause(Atom(sbt.plugins.JvmPlugin),Set(Atom(sbt.plugins.IvyPlugin)))
[debug] Clause(Atom(sbt.ScriptedPlugin),Set(Atom(sbt.plugins.JvmPlugin)))
[debug] Clause(Atom(sbt.plugins.SbtPlugin),Set(Atom(sbt.ScriptedPlugin)))
[debug] Clause(Atom(sbt.plugins.SemanticdbPlugin),Set(Atom(sbt.plugins.JvmPlugin)))
[debug] Clause(Atom(sbt.plugins.JUnitXmlReportPlugin),Set(Atom(sbt.plugins.JvmPlugin)))
[debug] Clause(Atom(sbt.plugins.MiniDependencyTreePlugin),Set(Atom(sbt.plugins.JvmPlugin)))
[debug] Clause(Atom(sbt.plugins.CorePlugin),Set(Atom(sbt.plugins.IvyPlugin)))
[debug] Clause(Atom(sbt.plugins.IvyPlugin),Set(Atom(sbt.plugins.JvmPlugin)))
[debug] Clause(Atom(sbt.plugins.JvmPlugin),Set(Atom(sbt.plugins.SemanticdbPlugin)))
[debug] Clause(Atom(sbt.plugins.JvmPlugin),Set(Atom(sbt.plugins.JUnitXmlReportPlugin)))
[debug] Clause(Atom(sbt.plugins.CorePlugin),Set(Atom(sbt.plugins.Giter8TemplatePlugin)))
[debug] Clause(Atom(sbt.plugins.JvmPlugin),Set(Atom(sbt.plugins.MiniDependencyTreePlugin))))
[debug]   :: deduced result: Matched(sbt.plugins.CorePlugin,sbt.plugins.Giter8TemplatePlugin,sbt.plugins.IvyPlugin,sbt.plugins.JvmPlugin,sbt.plugins.MiniDependencyTreePlugin,sbt.plugins.JUnitXmlReportPlugin,sbt.plugins.SemanticdbPlugin)
[debug] Plugins.deducer#function took 37.7127 ms
[debug]           Load.resolveProject(global-plugins) took 64.2926ms
[debug]         Load.loadTransitive: finalizeProject(Project(id global-plugins, base: C:\Users\HP Laptop\.sbt\1.0\plugins, plugins: List(<none>))) took 135.0725ms
[debug] [Loading] Done in C:\Users\HP Laptop\.sbt\1.0\plugins, returning: (global-plugins)
[debug]       Load.loadUnit: loadedProjectsRaw took 178.4969ms
[debug]       Load.loadUnit: cleanEvalClasses took 2.3722ms
[debug]     Load.loadUnit(file:/C:/Users/HP%20Laptop/.sbt/1.0/plugins/, ...) took 511.4152ms
[debug]   Load.apply: load took 791.3356ms
[debug]   Load.apply: resolveProjects took 6.399ms
[debug]   Load.apply: finalTransforms took 79.684ms
[debug]   Load.apply: config.delegates took 9.8695ms
[debug]   Load.apply: Def.make(settings)... took 814.5278ms
[debug]   Load.apply: structureIndex took 143.6472ms
[debug]   Load.apply: mkStreams took 2.9995ms
[info] loading global plugins from C:\Users\HP Laptop\.sbt\1.0\plugins
[debug] Running task... Cancel: Signal, check cycles: false, forcegc: true
[debug] Load.defaultLoad until apply took 5285.5885ms
[debug]           Load.loadUnit: plugins took 25.4428ms
[debug]           Load.loadUnit: defsScala took 0.004ms
[debug] [Loading] Scanning directory C:\Users\HP Laptop\Desktop\homework_7\project
[debug]             Load.loadUnit: mkEval took 8.1824ms
