[debug] > Exec(early(addDefaultCommands), None, None)
[debug] > Exec(addDefaultCommands, None, None)
[debug] > Exec(early(initialize), None, None)
[debug] > Exec(initialize, None, None)
[debug] > Exec(early(addPluginSbtFile="""C:\Users\Пользователь\AppData\Local\Temp\idea1.sbt"""), None, None)
[debug] > Exec(addPluginSbtFile="""C:\Users\Пользователь\AppData\Local\Temp\idea1.sbt""", None, None)
[debug] > Exec(boot, None, None)
[debug] > Exec(writeSbtVersion, None, None)
[warn] No sbt.version set in project/build.properties, base directory: C:\Users\Пользователь\IdeaProjects\naumen.scala.course.2023.autumn
[debug] > Exec(reload, None, None)
[debug] > Exec(sbtStashOnFailure, None, None)
[debug] > Exec(onFailure loadFailed, None, None)
[debug] > Exec(loadp, None, None)
[info] welcome to sbt 1.9.4 (Oracle Corporation Java 21.0.1)
[debug]       Load.loadUnit: plugins took 85.0771ms
[debug]       Load.loadUnit: defsScala took 0.4036ms
[debug] [Loading] Scanning directory C:\Users\Пользователь\.sbt\1.0\plugins
[debug] [Loading] Found non-root projects 
[debug] [Loading] Done in C:\Users\Пользователь\.sbt\1.0\plugins, returning: ()
[debug] deducing auto plugins based on known facts Set(Atom(sbt.plugins.CorePlugin)) and clauses Clauses(Clause(Atom(sbt.plugins.JvmPlugin),Set(Atom(sbt.plugins.IvyPlugin)))
[debug] Clause(Atom(sbt.ScriptedPlugin),Set(Atom(sbt.plugins.JvmPlugin)))
[debug] Clause(Atom(sbt.plugins.SbtPlugin),Set(Atom(sbt.ScriptedPlugin)))
[debug] Clause(Atom(sbt.plugins.SemanticdbPlugin),Set(Atom(sbt.plugins.JvmPlugin)))
[debug] Clause(Atom(sbt.plugins.JUnitXmlReportPlugin),Set(Atom(sbt.plugins.JvmPlugin)))
[debug] Clause(Atom(sbt.plugins.MiniDependencyTreePlugin),Set(Atom(sbt.plugins.JvmPlugin)))
[debug] Clause(Atom(sbt.plugins.CorePlugin),Set(Atom(sbt.plugins.IvyPlugin)))
[debug] Clause(Atom(sbt.plugins.IvyPlugin),Set(Atom(sbt.plugins.JvmPlugin)))
[debug] Clause(Atom(sbt.plugins.JvmPlugin),Set(Atom(sbt.plugins.SemanticdbPlugin)))
[debug] Clause(Atom(sbt.plugins.JvmPlugin),Set(Atom(sbt.plugins.JUnitXmlReportPlugin)))
[debug] Clause(Atom(sbt.plugins.CorePlugin),Set(Atom(sbt.plugins.Giter8TemplatePlugin)))
[debug] Clause(Atom(sbt.plugins.JvmPlugin),Set(Atom(sbt.plugins.MiniDependencyTreePlugin))))
[debug]   :: deduced result: Matched(sbt.plugins.CorePlugin,sbt.plugins.Giter8TemplatePlugin,sbt.plugins.IvyPlugin,sbt.plugins.JvmPlugin,sbt.plugins.MiniDependencyTreePlugin,sbt.plugins.JUnitXmlReportPlugin,sbt.plugins.SemanticdbPlugin)
[debug] Plugins.deducer#function took 13.7457 ms
[debug]           Load.resolveProject(global-plugins) took 27.6158ms
[debug]         Load.loadTransitive: finalizeProject(Project(id global-plugins, base: C:\Users\Пользователь\.sbt\1.0\plugins, plugins: List(<none>))) took 54.7023ms
[debug] [Loading] Done in C:\Users\Пользователь\.sbt\1.0\plugins, returning: (global-plugins)
[debug]       Load.loadUnit: loadedProjectsRaw took 69.1582ms
[debug]       Load.loadUnit: cleanEvalClasses took 0.1231ms
[debug]     Load.loadUnit(file:/C:/Users/Пользователь/.sbt/1.0/plugins/, ...) took 164.1938ms
[debug]   Load.apply: load took 341.3906ms
[debug]   Load.apply: resolveProjects took 2.9278ms
[debug]   Load.apply: finalTransforms took 84.705ms
[debug]   Load.apply: config.delegates took 4.7274ms
[debug]   Load.apply: Def.make(settings)... took 409.4208ms
[debug]   Load.apply: structureIndex took 207.6172ms
[debug]   Load.apply: mkStreams took 3.773ms
[info] loading global plugins from C:\Users\Пользователь\.sbt\1.0\plugins
[debug] Running task... Cancel: Signal, check cycles: false, forcegc: true
[debug] Load.defaultLoad until apply took 4103.2533ms
[error] java.lang.RuntimeException: Invalid build URI (no handler available): file:/C:/Users/%D0%9F%D0%BE%D0%BB%D1%8C%D0%B7%D0%BE%D0%B2%D0%B0%D1%82%D0%B5%D0%BB%D1%8C/IdeaProjects/naumen.scala.course.2023.autumn/project/
[error] 	at scala.sys.package$.error(package.scala:30)
[error] 	at sbt.internal.Load$.$anonfun$builtinLoader$1(Load.scala:490)
[error] 	at sbt.internal.BuildLoader.$anonfun$apply$3(BuildLoader.scala:245)
[error] 	at scala.Option.getOrElse(Option.scala:189)
[error] 	at sbt.internal.BuildLoader.apply(BuildLoader.scala:245)
[error] 	at sbt.internal.Load$.loadURI$1(Load.scala:555)
[error] 	at sbt.internal.Load$.loadAll(Load.scala:571)
[error] 	at sbt.internal.Load$.loadURI(Load.scala:501)
[error] 	at sbt.internal.Load$.load(Load.scala:480)
[error] 	at sbt.internal.Load$.$anonfun$apply$1(Load.scala:242)
[error] 	at sbt.internal.Load$.timed(Load.scala:1407)
[error] 	at sbt.internal.Load$.apply(Load.scala:242)
[error] 	at sbt.internal.Load$.buildPluginDefinition(Load.scala:1324)
[error] 	at sbt.internal.Load$.buildPlugins(Load.scala:1254)
[error] 	at sbt.internal.Load$.plugins(Load.scala:1233)
[error] 	at sbt.internal.Load$.$anonfun$loadUnit$2(Load.scala:701)
[error] 	at sbt.internal.Load$.timed(Load.scala:1407)
[error] 	at sbt.internal.Load$.$anonfun$loadUnit$1(Load.scala:701)
[error] 	at sbt.internal.Load$.timed(Load.scala:1407)
[error] 	at sbt.internal.Load$.loadUnit(Load.scala:695)
[error] 	at sbt.internal.Load$.$anonfun$builtinLoader$4(Load.scala:493)
[error] 	at sbt.internal.BuildLoader$.$anonfun$componentLoader$5(BuildLoader.scala:181)
[error] 	at sbt.internal.BuildLoader.apply(BuildLoader.scala:246)
[error] 	at sbt.internal.Load$.loadURI$1(Load.scala:555)
[error] 	at sbt.internal.Load$.loadAll(Load.scala:571)
[error] 	at sbt.internal.Load$.loadURI(Load.scala:501)
[error] 	at sbt.internal.Load$.load(Load.scala:480)
[error] 	at sbt.internal.Load$.$anonfun$apply$1(Load.scala:242)
[error] 	at sbt.internal.Load$.timed(Load.scala:1407)
[error] 	at sbt.internal.Load$.apply(Load.scala:242)
[error] 	at sbt.internal.Load$.defaultLoad(Load.scala:57)
[error] 	at sbt.BuiltinCommands$.liftedTree1$1(Main.scala:964)
[error] 	at sbt.BuiltinCommands$.doLoadProject(Main.scala:964)
[error] 	at sbt.BuiltinCommands$.$anonfun$loadProjectImpl$2(Main.scala:917)
[error] 	at sbt.Command$.$anonfun$applyEffect$4(Command.scala:151)
[error] 	at sbt.Command$.$anonfun$applyEffect$2(Command.scala:146)
[error] 	at sbt.Command$.process(Command.scala:190)
[error] 	at sbt.MainLoop$.$anonfun$processCommand$5(MainLoop.scala:246)
[error] 	at scala.Option.getOrElse(Option.scala:189)
[error] 	at sbt.MainLoop$.process$1(MainLoop.scala:246)
[error] 	at sbt.MainLoop$.processCommand(MainLoop.scala:279)
[error] 	at sbt.MainLoop$.$anonfun$next$5(MainLoop.scala:164)
[error] 	at sbt.State$StateOpsImpl$.runCmd$1(State.scala:290)
[error] 	at sbt.State$StateOpsImpl$.process$extension(State.scala:326)
[error] 	at sbt.MainLoop$.$anonfun$next$4(MainLoop.scala:164)
[error] 	at sbt.internal.util.ErrorHandling$.wideConvert(ErrorHandling.scala:24)
[error] 	at sbt.MainLoop$.next(MainLoop.scala:164)
[error] 	at sbt.MainLoop$.run(MainLoop.scala:145)
[error] 	at sbt.MainLoop$.$anonfun$runWithNewLog$1(MainLoop.scala:120)
[error] 	at sbt.io.Using.apply(Using.scala:28)
[error] 	at sbt.MainLoop$.runWithNewLog(MainLoop.scala:113)
[error] 	at sbt.MainLoop$.runAndClearLast(MainLoop.scala:67)
[error] 	at sbt.MainLoop$.runLoggedLoop(MainLoop.scala:52)
[error] 	at sbt.MainLoop$.runLogged(MainLoop.scala:43)
[error] 	at sbt.StandardMain$.runManaged(Main.scala:225)
[error] 	at sbt.xMain$.$anonfun$run$11(Main.scala:135)
[error] 	at scala.util.DynamicVariable.withValue(DynamicVariable.scala:62)
[error] 	at scala.Console$.withIn(Console.scala:230)
[error] 	at sbt.internal.util.Terminal$.withIn(Terminal.scala:610)
[error] 	at sbt.internal.util.Terminal$.$anonfun$withStreams$1(Terminal.scala:390)
[error] 	at scala.util.DynamicVariable.withValue(DynamicVariable.scala:62)
[error] 	at scala.Console$.withOut(Console.scala:167)
[error] 	at sbt.internal.util.Terminal$.$anonfun$withOut$2(Terminal.scala:600)
[error] 	at scala.util.DynamicVariable.withValue(DynamicVariable.scala:62)
[error] 	at scala.Console$.withErr(Console.scala:196)
[error] 	at sbt.internal.util.Terminal$.withOut(Terminal.scala:600)
[error] 	at sbt.internal.util.Terminal$.withStreams(Terminal.scala:390)
[error] 	at sbt.xMain$.withStreams$1(Main.scala:88)
[error] 	at sbt.xMain$.run(Main.scala:123)
[error] 	at java.base/jdk.internal.reflect.DirectMethodHandleAccessor.invoke(DirectMethodHandleAccessor.java:103)
[error] 	at java.base/java.lang.reflect.Method.invoke(Method.java:580)
[error] 	at sbt.internal.XMainConfiguration.run(XMainConfiguration.java:59)
[error] 	at sbt.xMain.run(Main.scala:47)
[error] 	at xsbt.boot.Launch$.$anonfun$run$1(Launch.scala:149)
[error] 	at xsbt.boot.Launch$.withContextLoader(Launch.scala:176)
[error] 	at xsbt.boot.Launch$.run(Launch.scala:149)
[error] 	at xsbt.boot.Launch$.$anonfun$apply$1(Launch.scala:44)
[error] 	at xsbt.boot.Launch$.launch(Launch.scala:159)
[error] 	at xsbt.boot.Launch$.apply(Launch.scala:44)
[error] 	at xsbt.boot.Launch$.apply(Launch.scala:21)
[error] 	at xsbt.boot.Boot$.runImpl(Boot.scala:78)
[error] 	at xsbt.boot.Boot$.run(Boot.scala:73)
[error] 	at xsbt.boot.Boot$.main(Boot.scala:21)
[error] 	at xsbt.boot.Boot.main(Boot.scala)
[error] Invalid build URI (no handler available): file:/C:/Users/%D0%9F%D0%BE%D0%BB%D1%8C%D0%B7%D0%BE%D0%B2%D0%B0%D1%82%D0%B5%D0%BB%D1%8C/IdeaProjects/naumen.scala.course.2023.autumn/project/
[error] Use 'last' for the full log.
[debug] > Exec(loadFailed, None, None)
[warn] Project loading failed: (r)etry, (q)uit, (l)ast, or (i)gnore? (default: r)
